ISim log file
Running: E:\ComputerArchitcture\P5\CPU\td_mips_isim_beh.exe -intstyle ise -gui -tclbatch isim.cmd -wdb E:/ComputerArchitcture/P5/CPU/td_mips_isim_beh.wdb 
ISim P.20131013 (signature 0x7708f090)
WARNING: A WEBPACK license was found.
WARNING: Please use Xilinx License Configuration Manager to check out a full ISim license.
WARNING: ISim will run in Lite mode. Please refer to the ISim documentation for more information on the differences between the Lite and the Full version.
This is a Lite version of ISim.
Time resolution is 1 ps
# onerror resume
# wave add /
# run 1000 ns
Simulator is doing circuit initialization process.
Finished circuit initialization process.
                 190@00003160: $ 1 <= abbd0000
                 250@00003178: $ 1 <= abbd47a1
                 290@000031c0: $ 2 <= c5660000
                 330@00003120: $ 2 <= c56646a4
                 370@00003180: $ 3 <= 8ecb0000
                 430@000031e4: $ 3 <= 8ecb8877
                 470@00003058: $ 4 <= 6f590000
                 510@00003110: $ 4 <= 6f591dbf
                 550@00003108: $ 5 <= 89940000
                 610@000030e0: $ 5 <= 8994622f
                 650@00003218: $ 6 <= 506a0000
                 690@0000307c: $ 6 <= 506a6a63
                 730@00003210: $ 7 <= 402f0000
                 790@000030a0: $ 7 <= 402f87b2
                 830@000031fc: $ 8 <= 41320000
                 870@00003198: $ 8 <= 41323375
                 910@00003020: $ 9 <= 49690000
                 970@000030bc: $ 9 <= 4969ee0c
# restart
# run all
Simulator is doing circuit initialization process.
Finished circuit initialization process.
                 190@00003160: $ 1 <= abbd0000
                 250@00003178: $ 1 <= abbd47a1
                 290@000031c0: $ 2 <= c5660000
                 330@00003120: $ 2 <= c56646a4
                 370@00003180: $ 3 <= 8ecb0000
                 430@000031e4: $ 3 <= 8ecb8877
                 470@00003058: $ 4 <= 6f590000
                 510@00003110: $ 4 <= 6f591dbf
                 550@00003108: $ 5 <= 89940000
                 610@000030e0: $ 5 <= 8994622f
                 650@00003218: $ 6 <= 506a0000
                 690@0000307c: $ 6 <= 506a6a63
                 730@00003210: $ 7 <= 402f0000
                 790@000030a0: $ 7 <= 402f87b2
                 830@000031fc: $ 8 <= 41320000
                 870@00003198: $ 8 <= 41323375
                 910@00003020: $ 9 <= 49690000
                 970@000030bc: $ 9 <= 4969ee0c
                1010@000030d4: $10 <= 125c0000
                1050@000030f0: $10 <= 125cb0c5
                1090@00003100: $11 <= c2d30000
                1150@0000313c: $11 <= c2d3083f
                1190@000030f8: $12 <= da0c0000
                1230@0000306c: $12 <= da0c09dd
                1270@0000308c: $13 <= 986d0000
                1330@0000302c: $13 <= 986d4c9a
                1370@00003050: $14 <= 51de0000
                1410@00003048: $14 <= 51de052c
                1450@000031ac: $15 <= 6f1e0000
                1510@000031b8: $15 <= 6f1eabdc
                1550@00003130: $16 <= d4000000
                1590@00003084: $16 <= d4006d7e
                1630@000031d0: $17 <= 46b20000
                1690@00003208: $17 <= 46b25c6b
                1730@000031c8: $18 <= ba4c0000
                1770@00003190: $18 <= ba4c6eec
                1810@000030c4: $19 <= 60030000
                1870@000031a4: $19 <= 6003eb1d
                1910@00003094: $20 <= b2440000
                1950@000030cc: $20 <= b2445c41
                1990@000031d8: $21 <= 5a550000
                2050@0000316c: $21 <= 5a556d31
                2090@000030a8: $22 <= bc680000
                2130@000031f4: $22 <= bc68a11d
                2170@00003238: $23 <= 8eef0000
                2230@00003064: $23 <= 8eef5ec7
                2270@00003074: $24 <= c03d0000
                2310@00003228: $24 <= c03dfad3
                2350@000031ec: $25 <= 91500000
                2410@00003158: $25 <= 9150be64
                2450@0000300c: $26 <= 9efb0000
                2490@00003220: $26 <= 9efb54dc
                2530@000030b0: $27 <= 53150000
                2590@00003040: $27 <= 53154592
                2630@00003144: $28 <= 83db0000
                2670@00003034: $28 <= 83db459b
                2710@0000314c: $29 <= 66b30000
                2770@00003018: $29 <= 66b33034
                2810@000030e8: $30 <= 38df0000
                2850@00003128: $30 <= 38dfa03b
                2890@00003230: $31 <= 7eeb0000
                2930@00003118: $31 <= ee380000
                2950@0000323c: $11 <= c2d39c3f
                2950@00003240: *00000000 <= c2d39c3f
                2990@00003244: $22 <= bc68b55f
                3010@0000324c: *00000004 <= bc68b55f
                3050@00003250: $ 8 <= c2386d7e
                3090@0000325c: *00000008 <= c2386d7e
                3130@00003260: $20 <= 8396031b
                3130@00003264: *0000000c <= 8396031b
                3170@00003268: $ 9 <= af4e338e
                3190@00003270: *00000010 <= af4e338e
                3230@00003274: $19 <= e204a459
                3270@00003280: *00000014 <= e204a459
                3310@00003284: $ 5 <= bd8547a1
                3310@00003288: *00000018 <= bd8547a1
                3350@0000328c: $22 <= ef65bf3f
                3370@00003294: *0000001c <= ef65bf3f
                3410@00003298: $10 <= 29a58cab
                3450@000032a4: *00000020 <= 29a58cab
                3490@000032a8: $19 <= 8ecb8877
                3490@000032ac: *00000024 <= 8ecb8877
                3530@000032b0: $22 <= 1480b332
                3550@000032b8: *00000028 <= 1480b332
                3590@000032bc: $19 <= d7c7877f
                3630@000032c8: *0000002c <= d7c7877f
                3670@000032d0: *00000030 <= 00000000
                3710@000032d4: $21 <= 5a556ff9
                3730@000032dc: *00000034 <= 5a556ff9
                3770@000032e0: $13 <= f75a1275
                3810@000032ec: *00000038 <= f75a1275
                3850@000032f0: $11 <= 3a88d018
                3850@000032f4: *0000003c <= 3a88d018
                3890@000032f8: $27 <= 12505797
                3910@00003300: *00000040 <= 12505797
                3950@00003304: $27 <= 57dbb319
                3990@00003310: *00000044 <= 57dbb319
                4030@00003314: $25 <= 9150be6c
                4030@00003318: *00000048 <= 9150be6c
                4070@0000331c: $31 <= ee38ff5f
                4090@00003324: *0000004c <= ee38ff5f
                4130@00003328: $13 <= f75aff77
                4170@00003334: *00000050 <= f75aff77
                4210@00003338: $ 5 <= bd856fbd
                4210@0000333c: *00000054 <= bd856fbd
                4250@00003340: $13 <= f75aff77
                4270@00003348: *00000058 <= f75aff77
                4310@0000334c: $16 <= 00454280
                4350@00003358: *0000005c <= 00454280
                4390@0000335c: $ 6 <= 5a9ab279
                4390@00003360: *00000060 <= 5a9ab279
                4430@00003364: $22 <= 4c4fd0b9
                4450@0000336c: *00000064 <= 4c4fd0b9
                4490@00003370: $25 <= b727d748
                4530@0000337c: *00000068 <= b727d748
                4570@00003384: *0000006c <= 00000000
                4610@00003388: $24 <= c03dfefb
                4630@00003390: *00000070 <= c03dfefb
                4670@00003394: $13 <= 3ace1298
                4710@000033a0: *00000074 <= 3ace1298
                4750@000033a4: $14 <= 823056c4
                4750@000033a8: *00000078 <= 823056c4
                4790@000033ac: $15 <= 1819b214
                4810@000033b4: *0000007c <= 1819b214
                4850@000033b8: $20 <= eb7f48a6
                4890@000033c4: *00000080 <= eb7f48a6
                4930@000033c8: $13 <= 6bc19387
                4930@000033cc: *00000084 <= 6bc19387
                4970@000033d0: $28 <= 83dbdf9b
                4990@000033d8: *00000088 <= 83dbdf9b
                5030@000033dc: $31 <= e98a1140
                5070@000033e8: *0000008c <= e98a1140
                5110@000033ec: $10 <= 29a5afeb
                5110@000033f0: *00000090 <= 29a5afeb
                5150@000033f4: $21 <= 3e3d9255
                5170@000033fc: *00000094 <= 3e3d9255
                5210@00003400: $22 <= 9992124c
                5250@0000340c: *00000098 <= 9992124c
                5290@00003410: $16 <= 954758e1
                5290@00003414: *0000009c <= 954758e1
                5330@00003418: $12 <= 943dd279
                5350@00003420: *000000a0 <= 943dd279
                5390@00003424: $ 6 <= c337c237
                5430@00003430: *000000a4 <= c337c237
                5470@00003434: $12 <= 943dfb7b
                5470@00003438: *000000a8 <= 943dfb7b
                5510@0000343c: $16 <= 9547dde1
                5530@00003444: *000000ac <= 9547dde1
                5570@00003448: $11 <= 3a88d87f
                5610@00003454: *000000b0 <= 3a88d87f
                5630@00003458: *000000b4 <= 66b33034
                5650@0000345c: *000000b8 <= e98a1140
                5670@00003460: *000000bc <= abbd47a1
                5710@00003464: $29 <= 00000fdc
                5730@00003468: $ 1 <= 00000020
                5750@0000346c: $31 <= 00003474
                5770@0000381c: *00000fdc <= 6f591dbf
                5790@00003820: *00000fec <= 00003474
                5810@00003824: *00000fe0 <= bd856fbd
                5830@00003828: *00000fe4 <= c337c237
                5850@0000382c: *00000fe8 <= 402f87b2
                5870@00003830: *00000ff0 <= c2386d7e
                5890@00003834: *00000ff4 <= af4e338e
                5910@00003838: *00000ff8 <= 29a5afeb
                5950@0000383c: $17 <= 00000054
                5970@00003840: $18 <= 000000dc
                5990@00003844: $ 8 <= d7c7877f
                6010@00003848: $ 9 <= 6bc19387
                6050@0000384c: $ 7 <= 43891b06
                6070@00003850: $ 4 <= 4720a53e
                6090@00003854: $ 5 <= 29470344
                6110@00003858: $10 <= 7067a882
                6130@0000385c: $ 4 <= 7067abc2
                6150@00003860: $10 <= e0cf5104
                6170@00003864: $10 <= c19ea208
                6190@00003868: $ 5 <= c19efb0a
                6210@0000386c: $ 6 <= c19efbfa
                6290@0000387c: $31 <= 00003884
                6310@00003880: $29 <= 00000fbc
                6310@00003898: *00000fbc <= 7067abc2
                6330@0000389c: *00000fc0 <= c19efb0a
                6350@000038a0: *00000fcc <= 00003884
                6370@000038a4: *00000fc4 <= c19efbfa
                6390@000038a8: *00000fc8 <= 43891b06
                6410@000038ac: *00000fd0 <= d7c7877f
                6430@000038b0: *00000fd4 <= 6bc19387
                6450@000038b4: *00000fd8 <= c19ea208
                6490@000038b8: $17 <= 00000098
                6510@000038bc: $18 <= 00000036
                6530@000038c0: $ 9 <= 00000000
                6550@000038c4: $ 8 <= 00000000
                6590@000038c8: $ 7 <= 00000000
                6610@000038cc: $ 4 <= 7067abc2
                6630@000038d0: $ 5 <= c19efb0a
                6650@000038d4: $10 <= 3206a6cc
                6670@000038d8: $ 4 <= 3206f6fd
                6690@000038dc: $10 <= 640d4d98
                6710@000038e0: $10 <= c81a9b30
                6730@000038e4: $ 5 <= c81aff3b
                6750@000038e8: $ 6 <= c81afffb
                6830@000038f4: $31 <= 000038fc
                6850@000038f8: $29 <= 00000f9c
                6850@00003908: *00000fac <= 000038fc
                6870@0000390c: *00000f9c <= 3206f6fd
                6890@00003910: *00000fa0 <= c81aff3b
                6910@00003914: *00000fa4 <= c81afffb
                6930@00003918: *00000fa8 <= 00000000
                6950@0000391c: *00000fb0 <= 00000000
                6970@00003920: *00000fb4 <= 00000000
                6990@00003924: *00000fb8 <= c81a9b30
                7030@00003928: $17 <= 0000008b
                7050@0000392c: $18 <= 0000012e
                7070@00003930: $ 8 <= b727d748
                7090@00003934: $ 9 <= 00000000
                7130@00003938: $ 7 <= b727d748
                7150@0000393c: $ 4 <= e92ece45
                7170@00003940: $ 5 <= c81aff3b
                7190@00003944: $10 <= b149cd80
                7210@00003948: $ 4 <= b149ff92
                7230@0000394c: $10 <= 62939b00
                7250@00003950: $10 <= c5273600
                7270@00003954: $ 5 <= c527bf05
                7290@00003958: $ 6 <= c527bff5
                7370@00003968: $31 <= 00003970
                7390@0000396c: $29 <= 00000f7c
                7390@00003da4: *00000f7c <= b149ff92
                7410@00003da8: *00000f8c <= 00003970
                7430@00003dac: *00000f80 <= c527bf05
                7450@00003db0: *00000f84 <= c527bff5
                7470@00003db4: *00000f88 <= b727d748
                7490@00003db8: *00000f90 <= b727d748
                7510@00003dbc: *00000f94 <= 00000000
                7530@00003dc0: *00000f98 <= c5273600
                7570@00003dc4: $17 <= 00000182
                7590@00003dc8: $18 <= 000000c2
                7610@00003dcc: $ 8 <= 00000000
                7630@00003dd0: $ 9 <= 5a556ff9
                7670@00003dd4: $ 7 <= 5a556ff9
                7690@00003dd8: $ 4 <= b149ff92
                7710@00003ddc: $ 5 <= 1f7d2efe
                7730@00003de0: $10 <= d0c72e90
                7750@00003de4: $ 4 <= d0c76ebd
                7770@00003de8: $10 <= a18e5d20
                7790@00003dec: $10 <= 431cba40
                7810@00003df0: $ 5 <= 431cbb40
                7830@00003df4: $ 6 <= 431cbbf0
                7910@00003e04: $31 <= 00003e0c
                7930@00003e08: $29 <= 00000f5c
                7930@00003ae0: *00000f5c <= d0c76ebd
                7950@00003ae4: *00000f6c <= 00003e0c
                7970@00003ae8: *00000f60 <= 431cbb40
                7990@00003aec: *00000f64 <= 431cbbf0
                8010@00003af0: *00000f68 <= 5a556ff9
                8030@00003af4: *00000f70 <= 00000000
                8050@00003af8: *00000f74 <= 5a556ff9
                8070@00003afc: *00000f78 <= 431cba40
                8110@00003b00: $17 <= 0000013f
                8130@00003b04: $18 <= 000000d4
                8150@00003b08: $ 8 <= 9992124c
                8170@00003b0c: $ 9 <= 00000000
                8210@00003b10: $ 7 <= 9992124c
                8230@00003b14: $ 4 <= 6a598109
                8250@00003b18: $ 5 <= 431cbb40
                8270@00003b1c: $10 <= ad763c49
                8290@00003b20: $ 4 <= ad76bc6f
                8310@00003b24: $10 <= 5aec7892
                8330@00003b28: $10 <= b5d8f124
                8350@00003b2c: $ 5 <= b5d8f727
                8370@00003b30: $ 6 <= b5d8f7f7
                8450@00003b40: $31 <= 00003b48
                8470@00003b44: $29 <= 00000f3c
                8470@00003c44: *00000f3c <= ad76bc6f
                8490@00003c48: *00000f4c <= 00003b48
                8510@00003c4c: *00000f40 <= b5d8f727
                8530@00003c50: *00000f44 <= b5d8f7f7
                8550@00003c54: *00000f48 <= 9992124c
                8570@00003c58: *00000f50 <= 9992124c
                8590@00003c5c: *00000f54 <= 00000000
                8610@00003c60: *00000f58 <= b5d8f124
                8650@00003c64: $17 <= 000000e4
                8670@00003c68: $18 <= 000000ff
                8690@00003c6c: $ 9 <= 4c4fd0b9
                8710@00003c70: $ 8 <= 00000000
                8750@00003c74: $ 7 <= 4c4fd0b9
                8770@00003c78: $ 4 <= ad76bc6f
                8790@00003c7c: $ 5 <= 0228c7e0
                8810@00003c80: $10 <= af9f844f
                8830@00003c84: $ 4 <= af9fde6f
                8850@00003c88: $10 <= 5f3f089e
                8870@00003c8c: $10 <= be7e113c
                8890@00003c90: $ 5 <= be7e553e
                8910@00003c94: $ 6 <= be7e55fe
                8990@00003ca0: $31 <= 00003ca8
                9010@00003ca4: $29 <= 00000f1c
                9010@00003d30: *00000f2c <= 00003ca8
                9030@00003d34: *00000f1c <= af9fde6f
                9050@00003d38: *00000f20 <= be7e553e
                9070@00003d3c: *00000f24 <= be7e55fe
                9090@00003d40: *00000f28 <= 4c4fd0b9
                9110@00003d44: *00000f30 <= 00000000
                9130@00003d48: *00000f34 <= 4c4fd0b9
                9150@00003d4c: *00000f38 <= be7e113c
                9190@00003d50: $17 <= 000000f8
                9210@00003d54: $18 <= 00000048
                9230@00003d58: $ 9 <= 00000000
                9250@00003d5c: $ 8 <= 00000000
                9290@00003d60: $ 7 <= 00000000
                9310@00003d64: $ 4 <= af9fde6f
                9330@00003d68: $ 5 <= be7e553e
                9350@00003d6c: $10 <= 6e1e33ad
                9370@00003d70: $ 4 <= 6e1e37fd
                9390@00003d74: $10 <= dc3c675a
                9410@00003d78: $10 <= b878ceb4
                9430@00003d7c: $ 5 <= b878dfb6
                9450@00003d80: $ 6 <= b878dff6
                9530@00003d8c: $31 <= 00003d94
                9550@00003d90: $29 <= 00000efc
                9550@00003bcc: *00000f0c <= 00003d94
                9570@00003bd0: *00000efc <= 6e1e37fd
                9590@00003bd4: *00000f00 <= b878dfb6
                9610@00003bd8: *00000f04 <= b878dff6
                9630@00003bdc: *00000f08 <= 00000000
                9650@00003be0: *00000f10 <= 00000000
                9670@00003be4: *00000f14 <= 00000000
                9690@00003be8: *00000f18 <= b878ceb4
                9730@00003bec: $17 <= 000000df
                9750@00003bf0: $18 <= 0000011b
                9770@00003bf4: $ 8 <= 00000000
                9790@00003bf8: $ 9 <= 00000000
                9830@00003bfc: $ 7 <= 00000000
                9850@00003c00: $ 4 <= 6e1e37fd
                9870@00003c04: $ 5 <= b878dfb6
                9890@00003c08: $10 <= 269717b3
                9910@00003c0c: $ 4 <= 269777fb
                9930@00003c10: $10 <= 4d2e2f66
                9950@00003c14: $10 <= 9a5c5ecc
                9970@00003c18: $ 5 <= 9a5cdfcd
                9990@00003c1c: $ 6 <= 9a5cdffd
               10070@00003c2c: $31 <= 00003c34
               10090@00003c30: $29 <= 00000edc
               10090@00003e90: *00000eec <= 00003c34
               10110@00003e94: *00000edc <= 269777fb
               10130@00003e98: *00000ee0 <= 9a5cdfcd
               10150@00003e9c: *00000ee4 <= 9a5cdffd
               10170@00003ea0: *00000ee8 <= 00000000
               10190@00003ea4: *00000ef0 <= 00000000
               10210@00003ea8: *00000ef4 <= 00000000
               10230@00003eac: *00000ef8 <= 9a5c5ecc
               10270@00003eb0: $17 <= 00000108
               10290@00003eb4: $18 <= 0000016e
               10310@00003eb8: $ 8 <= 5a556ff9
               10330@00003ebc: $ 9 <= 00000000
               10370@00003ec0: $ 7 <= 5a556ff9
               10390@00003ec4: $ 4 <= 80ece7f4
               10410@00003ec8: $ 5 <= 9a5cdfcd
               10430@00003ecc: $10 <= 1b49c7c1
               10450@00003ed0: $ 4 <= 1b49cfc9
               10470@00003ed4: $10 <= 36938f82
               10490@00003ed8: $10 <= 6d271f04
               10510@00003edc: $ 5 <= 6d271f0d
               10530@00003ee0: $ 6 <= 6d271ffd
               10610@00003ef0: $31 <= 00003ef8
               10630@00003ef4: $29 <= 00000ebc
               10630@00003e20: *00000ebc <= 1b49cfc9
               10650@00003e24: *00000ec0 <= 6d271f0d
               10670@00003e28: *00000ecc <= 00003ef8
               10690@00003e2c: *00000ec4 <= 6d271ffd
               10710@00003e30: *00000ec8 <= 5a556ff9
               10730@00003e34: *00000ed0 <= 5a556ff9
               10750@00003e38: *00000ed4 <= 00000000
               10770@00003e3c: *00000ed8 <= 6d271f04
               10810@00003e40: $17 <= 000000b8
               10830@00003e44: $18 <= 000000ff
               10850@00003e48: $ 9 <= 00000000
               10870@00003e4c: $ 8 <= 5a9ab279
               10910@00003e50: $ 7 <= 5a9ab279
               10930@00003e54: $ 4 <= 75e48242
               10950@00003e58: $ 5 <= 6d271f0d
               10970@00003e5c: $10 <= e30ba14f
               10990@00003e60: $ 4 <= e30be9ff
               11010@00003e64: $10 <= c617429e
               11030@00003e68: $10 <= 8c2e853c
               11050@00003e6c: $ 5 <= 8c2edd3d
               11070@00003e70: $ 6 <= 8c2eddfd
               11150@00003e7c: $31 <= 00003e84
               11170@00003e80: $29 <= 00000e9c
               11170@00003f08: *00000e9c <= e30be9ff
               11190@00003f0c: *00000eac <= 00003e84
               11210@00003f10: *00000ea0 <= 8c2edd3d
               11230@00003f14: *00000ea4 <= 8c2eddfd
               11250@00003f18: *00000ea8 <= 5a9ab279
               11270@00003f1c: *00000eb0 <= 5a9ab279
               11290@00003f20: *00000eb4 <= 00000000
               11310@00003f24: *00000eb8 <= 8c2e853c
               11350@00003f28: $17 <= 00000027
               11370@00003f2c: $18 <= 0000012d
               11390@00003f30: $ 9 <= 00000000
               11410@00003f34: $ 8 <= 00000000
               11450@00003f38: $ 7 <= 00000000
               11470@00003f3c: $ 4 <= e30be9ff
               11490@00003f40: $ 5 <= 8c2edd3d
               11510@00003f44: $10 <= 6f3ac73c
               11530@00003f48: $ 4 <= 6f3ac7fe
               11550@00003f4c: $10 <= de758e78
               11570@00003f50: $10 <= bceb1cf0
               11590@00003f54: $ 5 <= bceb1ef1
               11610@00003f58: $ 6 <= bceb1ef1
               11690@00003f6c: $ 7 <= 00003e84
               11710@00003f70: $29 <= 00000ebc
               11790@00003e84: $ 7 <= 00003ef8
               11870@00003e8c: $29 <= 00000edc
               11890@00003ef8: $ 7 <= 00003c34
               11910@00003efc: $29 <= 00000efc
               11990@00003c34: $ 7 <= 00003d94
               12010@00003c38: $29 <= 00000f1c
               12090@00003d94: $ 7 <= 00003ca8
               12110@00003d98: $29 <= 00000f3c
               12190@00003ca8: $ 7 <= 00003b48
               12210@00003cac: $29 <= 00000f5c
               12290@00003b48: $ 7 <= 00003e0c
               12310@00003b4c: $29 <= 00000f7c
               12390@00003e0c: $ 7 <= 00003970
               12410@00003e10: $29 <= 00000f9c
               12490@00003970: $ 7 <= 000038fc
               12510@00003974: $29 <= 00000fbc
               12590@000038fc: $ 7 <= 00003884
               12670@00003904: $29 <= 00000fdc
               12690@00003884: $ 7 <= 00003474
               12710@00003888: $29 <= 00000ffc
               12790@00003474: $ 1 <= 00000000
               12810@00003478: $ 1 <= 00000000
               12890@0000348c: $ 1 <= 2af20000
               12910@00003490: $ 2 <= 2af20000
               12990@000034a4: $ 3 <= 2af30000
               13070@000034b4: $ 4 <= 9a2dc7fe
               13090@000034b8: $ 1 <= 61830000
               13110@000034bc: $ 2 <= 8c750000
               13130@000034c0: $ 5 <= 81240000
               13150@000034c4: $ 4 <= e2a70000
               13170@000034c8: $ 6 <= 3bc71ef1
               13190@000034cc: $31 <= 000034d4
               13210@000034d8: *000004d4 <= 00003474
               13250@000034dc: $31 <= 00003474
               13270@000034e0: $31 <= 00000000
               13290@000034e4: $31 <= 000034ec
               13370@000034f8: $31 <= 00000000
               13390@000034fc: $31 <= 00003504
               13490@00003514: $ 4 <= 00000004
               13510@00003518: $ 5 <= 00000005
               13530@0000351c: $ 1 <= 00000001
               13550@00003520: $ 4 <= 00000005
               13650@00003538: $ 1 <= 00000001
               13670@0000353c: $ 2 <= 00000002
               13690@00003540: $ 3 <= 00000003
               13710@00003544: $ 4 <= 00000004
               13730@00003548: $ 5 <= 00000006
               13750@0000354c: $ 6 <= 00000005
               13770@00003550: $ 5 <= 00000005
               13790@00003554: $ 6 <= 00000003
               13870@00003560: $31 <= 00003568
               13910@00003568: $ 3 <= 0000356b
               13930@0000356c: $ 4 <= ffffca9c
               13950@00003570: $31 <= 00003578
               14010@000037f8: $31 <= 000035ff
               14030@00003578: $31 <= 00003580
               14070@000037fc: $ 6 <= 0000358a
               14130@00003580: $31 <= 00003588
               14190@0000380c: $24 <= 000035ff
               14210@00003588: $31 <= 00003590
               14250@00003810: $25 <= 0000359a
               14290@00003590: *000000c0 <= 00000000
               14310@00003594: *000000c4 <= 00000001
               14330@00003598: *000000c8 <= 00000002
               14350@0000359c: *000000cc <= 0000356b
               14370@000035a0: *000000d0 <= ffffca9c
               14390@000035a4: *000000d4 <= 00000005
               14410@000035a8: *000000d8 <= 0000358a
               14430@000035ac: *000000dc <= 00003474
               14450@000035b0: *000000e0 <= 00000000
               14470@000035b4: *000000e4 <= 00000000
               14490@000035b8: *000000e8 <= bceb1cf0
               14510@000035bc: *000000ec <= 3a88d87f
               14530@000035c0: *000000f0 <= 943dfb7b
               14550@000035c4: *000000f4 <= 6bc19387
               14570@000035c8: *000000f8 <= 823056c4
               14590@000035cc: *000000fc <= 1819b214
               14610@000035d0: *00000100 <= 9547dde1
               14630@000035d4: *00000104 <= 00000027
               14650@000035d8: *00000108 <= 0000012d
               14670@000035dc: *0000010c <= d7c7877f
               14690@000035e0: *00000110 <= eb7f48a6
               14710@000035e4: *00000114 <= 3e3d9255
               14730@000035e8: *00000118 <= 9992124c
               14750@000035ec: *0000011c <= 8eef5ec7
               14770@000035f0: *00000120 <= 000035ff
               14790@000035f4: *00000124 <= 0000359a
               14810@000035f8: *00000128 <= 9efb54dc
               14830@000035fc: *0000012c <= 57dbb319
               14850@00003600: *00000130 <= 83dbdf9b
               14870@00003604: *00000134 <= 00000ffc
               14890@00003608: *00000138 <= 38dfa03b
               14910@0000360c: *0000013c <= 00003590
               14950@00003610: $31 <= f8750000
               14990@00003614: $31 <= 0000361c
               15030@0000361c: $31 <= 00000002
               15030@00003620: *00000140 <= 00000002
               15070@00003624: $14 <= 6bc1c7fb
               15110@00003628: $31 <= 00003630
               15130@00003634: *00000144 <= 00003630
               15170@00003638: $25 <= 8396031b
               15230@0000363c: $31 <= 00003644
               15270@00003644: $31 <= 00000002
               15270@00003648: *00000148 <= 00000002
               15310@0000364c: $29 <= 3a650000
               15350@00003654: $31 <= 0000365c
               15370@00003660: *0000014c <= 0000365c
               15410@00003664: $10 <= 00003600
               15450@0000366c: $31 <= 00003674
               15470@00003678: *00000150 <= 00003674
               15510@0000367c: $12 <= c337c237
               15570@00003684: $31 <= 0000368c
               15610@0000368c: $31 <= 00000002
               15610@00003690: *00000154 <= 00000002
               15650@00003694: $31 <= e4e10000
               15710@000036a0: $31 <= 000036a8
               15750@000036a8: $31 <= 00000002
               15750@000036ac: *00000158 <= 00000002
               15790@000036b0: $ 1 <= c337f6ab
               15850@000036bc: $31 <= 000036c4
               15890@000036c4: $31 <= 00000002
               15890@000036c8: *0000015c <= 00000002
               15930@000036cc: $20 <= 9547dde1
               15990@000036d8: $31 <= 000036e0
               16030@000036e0: $31 <= 00000002
               16030@000036e4: *00000160 <= 00000002
               16070@000036e8: $17 <= 4ba70000
               16110@000036ec: $31 <= 000036f4
               16130@000036f8: *00000164 <= 000036f4
               16170@000036fc: $ 8 <= 7511b0fe
               16210@00003700: $31 <= 00003708
               16230@0000370c: *00000168 <= 00003708
               16270@00003710: $ 1 <= 6bc19387
               16330@00003714: $31 <= 0000371c
               16350@00003720: *0000016c <= 0000371c
               16390@00003724: $18 <= dbf90000
               16450@0000372c: $31 <= 00003734
               16490@00003734: $31 <= 00000002
               16490@00003738: *00000170 <= 00000002
               16530@0000373c: $23 <= 8396391a
               16570@00003744: $31 <= 0000374c
               16610@0000374c: $31 <= 00000002
               16610@00003750: *00000174 <= 00000002
               16650@00003754: $20 <= 00000002
               16710@0000375c: $31 <= 00003764
               16730@00003768: *00000178 <= 00003764
               16770@0000376c: $21 <= 59a70000
               16830@00003778: $31 <= 00003780
               16850@00003784: *0000017c <= 00003780
               16890@00003788: $ 8 <= 6bc1c987
               16950@00003794: $31 <= 0000379c
               16970@000037a0: *00000180 <= 0000379c
               17010@000037a4: $ 4 <= f75aff77
               17070@000037b0: $31 <= 000037b8
               17110@000037b8: $31 <= 00000002
               17110@000037bc: *00000184 <= 00000002
               17150@000037c0: $ 4 <= 0000000c
               17170@000037c4: $31 <= 000037cc
               17210@000037cc: $31 <= 000037d8
               17270@000037d4: $ 4 <= 00000008
               17290@000037d8: $31 <= 000037e0
Stopped at time : 2946970 ns : File "E:/ComputerArchitcture/P5/CPU/DataPath.v" Line 76
# restart
# run 20.00us
Simulator is doing circuit initialization process.
Finished circuit initialization process.
                 190@00003160: $ 1 <= abbd0000
                 250@00003178: $ 1 <= abbd47a1
                 290@000031c0: $ 2 <= c5660000
                 330@00003120: $ 2 <= c56646a4
                 370@00003180: $ 3 <= 8ecb0000
                 430@000031e4: $ 3 <= 8ecb8877
                 470@00003058: $ 4 <= 6f590000
                 510@00003110: $ 4 <= 6f591dbf
                 550@00003108: $ 5 <= 89940000
                 610@000030e0: $ 5 <= 8994622f
                 650@00003218: $ 6 <= 506a0000
                 690@0000307c: $ 6 <= 506a6a63
                 730@00003210: $ 7 <= 402f0000
                 790@000030a0: $ 7 <= 402f87b2
                 830@000031fc: $ 8 <= 41320000
                 870@00003198: $ 8 <= 41323375
                 910@00003020: $ 9 <= 49690000
                 970@000030bc: $ 9 <= 4969ee0c
                1010@000030d4: $10 <= 125c0000
                1050@000030f0: $10 <= 125cb0c5
                1090@00003100: $11 <= c2d30000
                1150@0000313c: $11 <= c2d3083f
                1190@000030f8: $12 <= da0c0000
                1230@0000306c: $12 <= da0c09dd
                1270@0000308c: $13 <= 986d0000
                1330@0000302c: $13 <= 986d4c9a
                1370@00003050: $14 <= 51de0000
                1410@00003048: $14 <= 51de052c
                1450@000031ac: $15 <= 6f1e0000
                1510@000031b8: $15 <= 6f1eabdc
                1550@00003130: $16 <= d4000000
                1590@00003084: $16 <= d4006d7e
                1630@000031d0: $17 <= 46b20000
                1690@00003208: $17 <= 46b25c6b
                1730@000031c8: $18 <= ba4c0000
                1770@00003190: $18 <= ba4c6eec
                1810@000030c4: $19 <= 60030000
                1870@000031a4: $19 <= 6003eb1d
                1910@00003094: $20 <= b2440000
                1950@000030cc: $20 <= b2445c41
                1990@000031d8: $21 <= 5a550000
                2050@0000316c: $21 <= 5a556d31
                2090@000030a8: $22 <= bc680000
                2130@000031f4: $22 <= bc68a11d
                2170@00003238: $23 <= 8eef0000
                2230@00003064: $23 <= 8eef5ec7
                2270@00003074: $24 <= c03d0000
                2310@00003228: $24 <= c03dfad3
                2350@000031ec: $25 <= 91500000
                2410@00003158: $25 <= 9150be64
                2450@0000300c: $26 <= 9efb0000
                2490@00003220: $26 <= 9efb54dc
                2530@000030b0: $27 <= 53150000
                2590@00003040: $27 <= 53154592
                2630@00003144: $28 <= 83db0000
                2670@00003034: $28 <= 83db459b
                2710@0000314c: $29 <= 66b30000
                2770@00003018: $29 <= 66b33034
                2810@000030e8: $30 <= 38df0000
                2850@00003128: $30 <= 38dfa03b
                2890@00003230: $31 <= 7eeb0000
                2930@00003118: $31 <= ee380000
                2950@0000323c: $11 <= c2d39c3f
                2950@00003240: *00000000 <= c2d39c3f
                2990@00003244: $22 <= bc68b55f
                3010@0000324c: *00000004 <= bc68b55f
                3050@00003250: $ 8 <= c2386d7e
                3090@0000325c: *00000008 <= c2386d7e
                3130@00003260: $20 <= 8396031b
                3130@00003264: *0000000c <= 8396031b
                3170@00003268: $ 9 <= af4e338e
                3190@00003270: *00000010 <= af4e338e
                3230@00003274: $19 <= e204a459
                3270@00003280: *00000014 <= e204a459
                3310@00003284: $ 5 <= bd8547a1
                3310@00003288: *00000018 <= bd8547a1
                3350@0000328c: $22 <= ef65bf3f
                3370@00003294: *0000001c <= ef65bf3f
                3410@00003298: $10 <= 29a58cab
                3450@000032a4: *00000020 <= 29a58cab
                3490@000032a8: $19 <= 8ecb8877
                3490@000032ac: *00000024 <= 8ecb8877
                3530@000032b0: $22 <= 1480b332
                3550@000032b8: *00000028 <= 1480b332
                3590@000032bc: $19 <= d7c7877f
                3630@000032c8: *0000002c <= d7c7877f
                3670@000032d0: *00000030 <= 00000000
                3710@000032d4: $21 <= 5a556ff9
                3730@000032dc: *00000034 <= 5a556ff9
                3770@000032e0: $13 <= f75a1275
                3810@000032ec: *00000038 <= f75a1275
                3850@000032f0: $11 <= 3a88d018
                3850@000032f4: *0000003c <= 3a88d018
                3890@000032f8: $27 <= 12505797
                3910@00003300: *00000040 <= 12505797
                3950@00003304: $27 <= 57dbb319
                3990@00003310: *00000044 <= 57dbb319
                4030@00003314: $25 <= 9150be6c
                4030@00003318: *00000048 <= 9150be6c
                4070@0000331c: $31 <= ee38ff5f
                4090@00003324: *0000004c <= ee38ff5f
                4130@00003328: $13 <= f75aff77
                4170@00003334: *00000050 <= f75aff77
                4210@00003338: $ 5 <= bd856fbd
                4210@0000333c: *00000054 <= bd856fbd
                4250@00003340: $13 <= f75aff77
                4270@00003348: *00000058 <= f75aff77
                4310@0000334c: $16 <= 00454280
                4350@00003358: *0000005c <= 00454280
                4390@0000335c: $ 6 <= 5a9ab279
                4390@00003360: *00000060 <= 5a9ab279
                4430@00003364: $22 <= 4c4fd0b9
                4450@0000336c: *00000064 <= 4c4fd0b9
                4490@00003370: $25 <= b727d748
                4530@0000337c: *00000068 <= b727d748
                4570@00003384: *0000006c <= 00000000
                4610@00003388: $24 <= c03dfefb
                4630@00003390: *00000070 <= c03dfefb
                4670@00003394: $13 <= 3ace1298
                4710@000033a0: *00000074 <= 3ace1298
                4750@000033a4: $14 <= 823056c4
                4750@000033a8: *00000078 <= 823056c4
                4790@000033ac: $15 <= 1819b214
                4810@000033b4: *0000007c <= 1819b214
                4850@000033b8: $20 <= eb7f48a6
                4890@000033c4: *00000080 <= eb7f48a6
                4930@000033c8: $13 <= 6bc19387
                4930@000033cc: *00000084 <= 6bc19387
                4970@000033d0: $28 <= 83dbdf9b
                4990@000033d8: *00000088 <= 83dbdf9b
                5030@000033dc: $31 <= e98a1140
                5070@000033e8: *0000008c <= e98a1140
                5110@000033ec: $10 <= 29a5afeb
                5110@000033f0: *00000090 <= 29a5afeb
                5150@000033f4: $21 <= 3e3d9255
                5170@000033fc: *00000094 <= 3e3d9255
                5210@00003400: $22 <= 9992124c
                5250@0000340c: *00000098 <= 9992124c
                5290@00003410: $16 <= 954758e1
                5290@00003414: *0000009c <= 954758e1
                5330@00003418: $12 <= 943dd279
                5350@00003420: *000000a0 <= 943dd279
                5390@00003424: $ 6 <= c337c237
                5430@00003430: *000000a4 <= c337c237
                5470@00003434: $12 <= 943dfb7b
                5470@00003438: *000000a8 <= 943dfb7b
                5510@0000343c: $16 <= 9547dde1
                5530@00003444: *000000ac <= 9547dde1
                5570@00003448: $11 <= 3a88d87f
                5610@00003454: *000000b0 <= 3a88d87f
                5630@00003458: *000000b4 <= 66b33034
                5650@0000345c: *000000b8 <= e98a1140
                5670@00003460: *000000bc <= abbd47a1
                5710@00003464: $29 <= 00000fdc
                5730@00003468: $ 1 <= 00000020
                5750@0000346c: $31 <= 00003474
                5770@0000381c: *00000fdc <= 6f591dbf
                5790@00003820: *00000fec <= 00003474
                5810@00003824: *00000fe0 <= bd856fbd
                5830@00003828: *00000fe4 <= c337c237
                5850@0000382c: *00000fe8 <= 402f87b2
                5870@00003830: *00000ff0 <= c2386d7e
                5890@00003834: *00000ff4 <= af4e338e
                5910@00003838: *00000ff8 <= 29a5afeb
                5950@0000383c: $17 <= 00000054
                5970@00003840: $18 <= 000000dc
                5990@00003844: $ 8 <= d7c7877f
                6010@00003848: $ 9 <= 6bc19387
                6050@0000384c: $ 7 <= 43891b06
                6070@00003850: $ 4 <= 4720a53e
                6090@00003854: $ 5 <= 29470344
                6110@00003858: $10 <= 7067a882
                6130@0000385c: $ 4 <= 7067abc2
                6150@00003860: $10 <= e0cf5104
                6170@00003864: $10 <= c19ea208
                6190@00003868: $ 5 <= c19efb0a
                6210@0000386c: $ 6 <= c19efbfa
                6290@0000387c: $31 <= 00003884
                6310@00003880: $29 <= 00000fbc
                6310@00003898: *00000fbc <= 7067abc2
                6330@0000389c: *00000fc0 <= c19efb0a
                6350@000038a0: *00000fcc <= 00003884
                6370@000038a4: *00000fc4 <= c19efbfa
                6390@000038a8: *00000fc8 <= 43891b06
                6410@000038ac: *00000fd0 <= d7c7877f
                6430@000038b0: *00000fd4 <= 6bc19387
                6450@000038b4: *00000fd8 <= c19ea208
                6490@000038b8: $17 <= 00000098
                6510@000038bc: $18 <= 00000036
                6530@000038c0: $ 9 <= 00000000
                6550@000038c4: $ 8 <= 00000000
                6590@000038c8: $ 7 <= 00000000
                6610@000038cc: $ 4 <= 7067abc2
                6630@000038d0: $ 5 <= c19efb0a
                6650@000038d4: $10 <= 3206a6cc
                6670@000038d8: $ 4 <= 3206f6fd
                6690@000038dc: $10 <= 640d4d98
                6710@000038e0: $10 <= c81a9b30
                6730@000038e4: $ 5 <= c81aff3b
                6750@000038e8: $ 6 <= c81afffb
                6830@000038f4: $31 <= 000038fc
                6850@000038f8: $29 <= 00000f9c
                6850@00003908: *00000fac <= 000038fc
                6870@0000390c: *00000f9c <= 3206f6fd
                6890@00003910: *00000fa0 <= c81aff3b
                6910@00003914: *00000fa4 <= c81afffb
                6930@00003918: *00000fa8 <= 00000000
                6950@0000391c: *00000fb0 <= 00000000
                6970@00003920: *00000fb4 <= 00000000
                6990@00003924: *00000fb8 <= c81a9b30
                7030@00003928: $17 <= 0000008b
                7050@0000392c: $18 <= 0000012e
                7070@00003930: $ 8 <= b727d748
                7090@00003934: $ 9 <= 00000000
                7130@00003938: $ 7 <= b727d748
                7150@0000393c: $ 4 <= e92ece45
                7170@00003940: $ 5 <= c81aff3b
                7190@00003944: $10 <= b149cd80
                7210@00003948: $ 4 <= b149ff92
                7230@0000394c: $10 <= 62939b00
                7250@00003950: $10 <= c5273600
                7270@00003954: $ 5 <= c527bf05
                7290@00003958: $ 6 <= c527bff5
                7370@00003968: $31 <= 00003970
                7390@0000396c: $29 <= 00000f7c
                7390@00003da4: *00000f7c <= b149ff92
                7410@00003da8: *00000f8c <= 00003970
                7430@00003dac: *00000f80 <= c527bf05
                7450@00003db0: *00000f84 <= c527bff5
                7470@00003db4: *00000f88 <= b727d748
                7490@00003db8: *00000f90 <= b727d748
                7510@00003dbc: *00000f94 <= 00000000
                7530@00003dc0: *00000f98 <= c5273600
                7570@00003dc4: $17 <= 00000182
                7590@00003dc8: $18 <= 000000c2
                7610@00003dcc: $ 8 <= 00000000
                7630@00003dd0: $ 9 <= 5a556ff9
                7670@00003dd4: $ 7 <= 5a556ff9
                7690@00003dd8: $ 4 <= b149ff92
                7710@00003ddc: $ 5 <= 1f7d2efe
                7730@00003de0: $10 <= d0c72e90
                7750@00003de4: $ 4 <= d0c76ebd
                7770@00003de8: $10 <= a18e5d20
                7790@00003dec: $10 <= 431cba40
                7810@00003df0: $ 5 <= 431cbb40
                7830@00003df4: $ 6 <= 431cbbf0
                7910@00003e04: $31 <= 00003e0c
                7930@00003e08: $29 <= 00000f5c
                7930@00003ae0: *00000f5c <= d0c76ebd
                7950@00003ae4: *00000f6c <= 00003e0c
                7970@00003ae8: *00000f60 <= 431cbb40
                7990@00003aec: *00000f64 <= 431cbbf0
                8010@00003af0: *00000f68 <= 5a556ff9
                8030@00003af4: *00000f70 <= 00000000
                8050@00003af8: *00000f74 <= 5a556ff9
                8070@00003afc: *00000f78 <= 431cba40
                8110@00003b00: $17 <= 0000013f
                8130@00003b04: $18 <= 000000d4
                8150@00003b08: $ 8 <= 9992124c
                8170@00003b0c: $ 9 <= 00000000
                8210@00003b10: $ 7 <= 9992124c
                8230@00003b14: $ 4 <= 6a598109
                8250@00003b18: $ 5 <= 431cbb40
                8270@00003b1c: $10 <= ad763c49
                8290@00003b20: $ 4 <= ad76bc6f
                8310@00003b24: $10 <= 5aec7892
                8330@00003b28: $10 <= b5d8f124
                8350@00003b2c: $ 5 <= b5d8f727
                8370@00003b30: $ 6 <= b5d8f7f7
                8450@00003b40: $31 <= 00003b48
                8470@00003b44: $29 <= 00000f3c
                8470@00003c44: *00000f3c <= ad76bc6f
                8490@00003c48: *00000f4c <= 00003b48
                8510@00003c4c: *00000f40 <= b5d8f727
                8530@00003c50: *00000f44 <= b5d8f7f7
                8550@00003c54: *00000f48 <= 9992124c
                8570@00003c58: *00000f50 <= 9992124c
                8590@00003c5c: *00000f54 <= 00000000
                8610@00003c60: *00000f58 <= b5d8f124
                8650@00003c64: $17 <= 000000e4
                8670@00003c68: $18 <= 000000ff
                8690@00003c6c: $ 9 <= 4c4fd0b9
                8710@00003c70: $ 8 <= 00000000
                8750@00003c74: $ 7 <= 4c4fd0b9
                8770@00003c78: $ 4 <= ad76bc6f
                8790@00003c7c: $ 5 <= 0228c7e0
                8810@00003c80: $10 <= af9f844f
                8830@00003c84: $ 4 <= af9fde6f
                8850@00003c88: $10 <= 5f3f089e
                8870@00003c8c: $10 <= be7e113c
                8890@00003c90: $ 5 <= be7e553e
                8910@00003c94: $ 6 <= be7e55fe
                8990@00003ca0: $31 <= 00003ca8
                9010@00003ca4: $29 <= 00000f1c
                9010@00003d30: *00000f2c <= 00003ca8
                9030@00003d34: *00000f1c <= af9fde6f
                9050@00003d38: *00000f20 <= be7e553e
                9070@00003d3c: *00000f24 <= be7e55fe
                9090@00003d40: *00000f28 <= 4c4fd0b9
                9110@00003d44: *00000f30 <= 00000000
                9130@00003d48: *00000f34 <= 4c4fd0b9
                9150@00003d4c: *00000f38 <= be7e113c
                9190@00003d50: $17 <= 000000f8
                9210@00003d54: $18 <= 00000048
                9230@00003d58: $ 9 <= 00000000
                9250@00003d5c: $ 8 <= 00000000
                9290@00003d60: $ 7 <= 00000000
                9310@00003d64: $ 4 <= af9fde6f
                9330@00003d68: $ 5 <= be7e553e
                9350@00003d6c: $10 <= 6e1e33ad
                9370@00003d70: $ 4 <= 6e1e37fd
                9390@00003d74: $10 <= dc3c675a
                9410@00003d78: $10 <= b878ceb4
                9430@00003d7c: $ 5 <= b878dfb6
                9450@00003d80: $ 6 <= b878dff6
                9530@00003d8c: $31 <= 00003d94
                9550@00003d90: $29 <= 00000efc
                9550@00003bcc: *00000f0c <= 00003d94
                9570@00003bd0: *00000efc <= 6e1e37fd
                9590@00003bd4: *00000f00 <= b878dfb6
                9610@00003bd8: *00000f04 <= b878dff6
                9630@00003bdc: *00000f08 <= 00000000
                9650@00003be0: *00000f10 <= 00000000
                9670@00003be4: *00000f14 <= 00000000
                9690@00003be8: *00000f18 <= b878ceb4
                9730@00003bec: $17 <= 000000df
                9750@00003bf0: $18 <= 0000011b
                9770@00003bf4: $ 8 <= 00000000
                9790@00003bf8: $ 9 <= 00000000
                9830@00003bfc: $ 7 <= 00000000
                9850@00003c00: $ 4 <= 6e1e37fd
                9870@00003c04: $ 5 <= b878dfb6
                9890@00003c08: $10 <= 269717b3
                9910@00003c0c: $ 4 <= 269777fb
                9930@00003c10: $10 <= 4d2e2f66
                9950@00003c14: $10 <= 9a5c5ecc
                9970@00003c18: $ 5 <= 9a5cdfcd
                9990@00003c1c: $ 6 <= 9a5cdffd
               10070@00003c2c: $31 <= 00003c34
               10090@00003c30: $29 <= 00000edc
               10090@00003e90: *00000eec <= 00003c34
               10110@00003e94: *00000edc <= 269777fb
               10130@00003e98: *00000ee0 <= 9a5cdfcd
               10150@00003e9c: *00000ee4 <= 9a5cdffd
               10170@00003ea0: *00000ee8 <= 00000000
               10190@00003ea4: *00000ef0 <= 00000000
               10210@00003ea8: *00000ef4 <= 00000000
               10230@00003eac: *00000ef8 <= 9a5c5ecc
               10270@00003eb0: $17 <= 00000108
               10290@00003eb4: $18 <= 0000016e
               10310@00003eb8: $ 8 <= 5a556ff9
               10330@00003ebc: $ 9 <= 00000000
               10370@00003ec0: $ 7 <= 5a556ff9
               10390@00003ec4: $ 4 <= 80ece7f4
               10410@00003ec8: $ 5 <= 9a5cdfcd
               10430@00003ecc: $10 <= 1b49c7c1
               10450@00003ed0: $ 4 <= 1b49cfc9
               10470@00003ed4: $10 <= 36938f82
               10490@00003ed8: $10 <= 6d271f04
               10510@00003edc: $ 5 <= 6d271f0d
               10530@00003ee0: $ 6 <= 6d271ffd
               10610@00003ef0: $31 <= 00003ef8
               10630@00003ef4: $29 <= 00000ebc
               10630@00003e20: *00000ebc <= 1b49cfc9
               10650@00003e24: *00000ec0 <= 6d271f0d
               10670@00003e28: *00000ecc <= 00003ef8
               10690@00003e2c: *00000ec4 <= 6d271ffd
               10710@00003e30: *00000ec8 <= 5a556ff9
               10730@00003e34: *00000ed0 <= 5a556ff9
               10750@00003e38: *00000ed4 <= 00000000
               10770@00003e3c: *00000ed8 <= 6d271f04
               10810@00003e40: $17 <= 000000b8
               10830@00003e44: $18 <= 000000ff
               10850@00003e48: $ 9 <= 00000000
               10870@00003e4c: $ 8 <= 5a9ab279
               10910@00003e50: $ 7 <= 5a9ab279
               10930@00003e54: $ 4 <= 75e48242
               10950@00003e58: $ 5 <= 6d271f0d
               10970@00003e5c: $10 <= e30ba14f
               10990@00003e60: $ 4 <= e30be9ff
               11010@00003e64: $10 <= c617429e
               11030@00003e68: $10 <= 8c2e853c
               11050@00003e6c: $ 5 <= 8c2edd3d
               11070@00003e70: $ 6 <= 8c2eddfd
               11150@00003e7c: $31 <= 00003e84
               11170@00003e80: $29 <= 00000e9c
               11170@00003f08: *00000e9c <= e30be9ff
               11190@00003f0c: *00000eac <= 00003e84
               11210@00003f10: *00000ea0 <= 8c2edd3d
               11230@00003f14: *00000ea4 <= 8c2eddfd
               11250@00003f18: *00000ea8 <= 5a9ab279
               11270@00003f1c: *00000eb0 <= 5a9ab279
               11290@00003f20: *00000eb4 <= 00000000
               11310@00003f24: *00000eb8 <= 8c2e853c
               11350@00003f28: $17 <= 00000027
               11370@00003f2c: $18 <= 0000012d
               11390@00003f30: $ 9 <= 00000000
               11410@00003f34: $ 8 <= 00000000
               11450@00003f38: $ 7 <= 00000000
               11470@00003f3c: $ 4 <= e30be9ff
               11490@00003f40: $ 5 <= 8c2edd3d
               11510@00003f44: $10 <= 6f3ac73c
               11530@00003f48: $ 4 <= 6f3ac7fe
               11550@00003f4c: $10 <= de758e78
               11570@00003f50: $10 <= bceb1cf0
               11590@00003f54: $ 5 <= bceb1ef1
               11610@00003f58: $ 6 <= bceb1ef1
               11690@00003f6c: $ 7 <= 00003e84
               11710@00003f70: $29 <= 00000ebc
               11790@00003e84: $ 7 <= 00003ef8
               11870@00003e8c: $29 <= 00000edc
               11890@00003ef8: $ 7 <= 00003c34
               11910@00003efc: $29 <= 00000efc
               11990@00003c34: $ 7 <= 00003d94
               12010@00003c38: $29 <= 00000f1c
               12090@00003d94: $ 7 <= 00003ca8
               12110@00003d98: $29 <= 00000f3c
               12190@00003ca8: $ 7 <= 00003b48
               12210@00003cac: $29 <= 00000f5c
               12290@00003b48: $ 7 <= 00003e0c
               12310@00003b4c: $29 <= 00000f7c
               12390@00003e0c: $ 7 <= 00003970
               12410@00003e10: $29 <= 00000f9c
               12490@00003970: $ 7 <= 000038fc
               12510@00003974: $29 <= 00000fbc
               12590@000038fc: $ 7 <= 00003884
               12670@00003904: $29 <= 00000fdc
               12690@00003884: $ 7 <= 00003474
               12710@00003888: $29 <= 00000ffc
               12790@00003474: $ 1 <= 00000000
               12810@00003478: $ 1 <= 00000000
               12890@0000348c: $ 1 <= 2af20000
               12910@00003490: $ 2 <= 2af20000
               12990@000034a4: $ 3 <= 2af30000
               13070@000034b4: $ 4 <= 9a2dc7fe
               13090@000034b8: $ 1 <= 61830000
               13110@000034bc: $ 2 <= 8c750000
               13130@000034c0: $ 5 <= 81240000
               13150@000034c4: $ 4 <= e2a70000
               13170@000034c8: $ 6 <= 3bc71ef1
               13190@000034cc: $31 <= 000034d4
               13210@000034d8: *000004d4 <= 00003474
               13250@000034dc: $31 <= 00003474
               13270@000034e0: $31 <= 00000000
               13290@000034e4: $31 <= 000034ec
               13370@000034f8: $31 <= 00000000
               13390@000034fc: $31 <= 00003504
               13490@00003514: $ 4 <= 00000004
               13510@00003518: $ 5 <= 00000005
               13530@0000351c: $ 1 <= 00000001
               13550@00003520: $ 4 <= 00000005
               13650@00003538: $ 1 <= 00000001
               13670@0000353c: $ 2 <= 00000002
               13690@00003540: $ 3 <= 00000003
               13710@00003544: $ 4 <= 00000004
               13730@00003548: $ 5 <= 00000006
               13750@0000354c: $ 6 <= 00000005
               13770@00003550: $ 5 <= 00000005
               13790@00003554: $ 6 <= 00000003
               13870@00003560: $31 <= 00003568
               13910@00003568: $ 3 <= 0000356b
               13930@0000356c: $ 4 <= ffffca9c
               13950@00003570: $31 <= 00003578
               14010@000037f8: $31 <= 000035ff
               14030@00003578: $31 <= 00003580
               14070@000037fc: $ 6 <= 0000358a
               14130@00003580: $31 <= 00003588
               14190@0000380c: $24 <= 000035ff
               14210@00003588: $31 <= 00003590
               14250@00003810: $25 <= 0000359a
               14290@00003590: *000000c0 <= 00000000
               14310@00003594: *000000c4 <= 00000001
               14330@00003598: *000000c8 <= 00000002
               14350@0000359c: *000000cc <= 0000356b
               14370@000035a0: *000000d0 <= ffffca9c
               14390@000035a4: *000000d4 <= 00000005
               14410@000035a8: *000000d8 <= 0000358a
               14430@000035ac: *000000dc <= 00003474
               14450@000035b0: *000000e0 <= 00000000
               14470@000035b4: *000000e4 <= 00000000
               14490@000035b8: *000000e8 <= bceb1cf0
               14510@000035bc: *000000ec <= 3a88d87f
               14530@000035c0: *000000f0 <= 943dfb7b
               14550@000035c4: *000000f4 <= 6bc19387
               14570@000035c8: *000000f8 <= 823056c4
               14590@000035cc: *000000fc <= 1819b214
               14610@000035d0: *00000100 <= 9547dde1
               14630@000035d4: *00000104 <= 00000027
               14650@000035d8: *00000108 <= 0000012d
               14670@000035dc: *0000010c <= d7c7877f
               14690@000035e0: *00000110 <= eb7f48a6
               14710@000035e4: *00000114 <= 3e3d9255
               14730@000035e8: *00000118 <= 9992124c
               14750@000035ec: *0000011c <= 8eef5ec7
               14770@000035f0: *00000120 <= 000035ff
               14790@000035f4: *00000124 <= 0000359a
               14810@000035f8: *00000128 <= 9efb54dc
               14830@000035fc: *0000012c <= 57dbb319
               14850@00003600: *00000130 <= 83dbdf9b
               14870@00003604: *00000134 <= 00000ffc
               14890@00003608: *00000138 <= 38dfa03b
               14910@0000360c: *0000013c <= 00003590
               14950@00003610: $31 <= f8750000
               14990@00003614: $31 <= 0000361c
               15030@0000361c: $31 <= 00000002
               15030@00003620: *00000140 <= 00000002
               15070@00003624: $14 <= 6bc1c7fb
               15110@00003628: $31 <= 00003630
               15130@00003634: *00000144 <= 00003630
               15170@00003638: $25 <= 8396031b
               15230@0000363c: $31 <= 00003644
               15270@00003644: $31 <= 00000002
               15270@00003648: *00000148 <= 00000002
               15310@0000364c: $29 <= 3a650000
               15350@00003654: $31 <= 0000365c
               15370@00003660: *0000014c <= 0000365c
               15410@00003664: $10 <= 00003600
               15450@0000366c: $31 <= 00003674
               15470@00003678: *00000150 <= 00003674
               15510@0000367c: $12 <= c337c237
               15570@00003684: $31 <= 0000368c
               15610@0000368c: $31 <= 00000002
               15610@00003690: *00000154 <= 00000002
               15650@00003694: $31 <= e4e10000
               15710@000036a0: $31 <= 000036a8
               15750@000036a8: $31 <= 00000002
               15750@000036ac: *00000158 <= 00000002
               15790@000036b0: $ 1 <= c337f6ab
               15850@000036bc: $31 <= 000036c4
               15890@000036c4: $31 <= 00000002
               15890@000036c8: *0000015c <= 00000002
               15930@000036cc: $20 <= 9547dde1
               15990@000036d8: $31 <= 000036e0
               16030@000036e0: $31 <= 00000002
               16030@000036e4: *00000160 <= 00000002
               16070@000036e8: $17 <= 4ba70000
               16110@000036ec: $31 <= 000036f4
               16130@000036f8: *00000164 <= 000036f4
               16170@000036fc: $ 8 <= 7511b0fe
               16210@00003700: $31 <= 00003708
               16230@0000370c: *00000168 <= 00003708
               16270@00003710: $ 1 <= 6bc19387
               16330@00003714: $31 <= 0000371c
               16350@00003720: *0000016c <= 0000371c
               16390@00003724: $18 <= dbf90000
               16450@0000372c: $31 <= 00003734
               16490@00003734: $31 <= 00000002
               16490@00003738: *00000170 <= 00000002
               16530@0000373c: $23 <= 8396391a
               16570@00003744: $31 <= 0000374c
               16610@0000374c: $31 <= 00000002
               16610@00003750: *00000174 <= 00000002
               16650@00003754: $20 <= 00000002
               16710@0000375c: $31 <= 00003764
               16730@00003768: *00000178 <= 00003764
               16770@0000376c: $21 <= 59a70000
               16830@00003778: $31 <= 00003780
               16850@00003784: *0000017c <= 00003780
               16890@00003788: $ 8 <= 6bc1c987
               16950@00003794: $31 <= 0000379c
               16970@000037a0: *00000180 <= 0000379c
               17010@000037a4: $ 4 <= f75aff77
               17070@000037b0: $31 <= 000037b8
               17110@000037b8: $31 <= 00000002
               17110@000037bc: *00000184 <= 00000002
               17150@000037c0: $ 4 <= 0000000c
               17170@000037c4: $31 <= 000037cc
               17210@000037cc: $31 <= 000037d8
               17270@000037d4: $ 4 <= 00000008
               17290@000037d8: $31 <= 000037e0
# run 20.00us
